Loading cuda/12.3.0/vuydybq
  Loading requirement: gcc-runtime/13.2.0/yimvxxm libiconv/1.17/pmxhi4x
    xz/5.4.6/uxouxrg zlib-ng/2.1.5/uctcqfl libxml2/2.10.3/vdqe2g3
Loading miniconda3/25.1.1/24g7bpu
  Loading requirement: gcc-runtime/13.2.0/s3f7i6x
/home/ysharma/.conda/envs/dellm/lib/python3.11/site-packages/huggingface_hub/file_download.py:797: FutureWarning: `resume_download` is deprecated and will be removed in version 1.0.0. Downloads always resume when possible. If you want to force a new download, use `force_download=True`.
  warnings.warn(
/home/ysharma/.conda/envs/dellm/lib/python3.11/site-packages/torch/cuda/__init__.py:138: UserWarning: CUDA initialization: CUDA driver initialization failed, you might not have a CUDA gpu. (Triggered internally at ../c10/cuda/CUDAFunctions.cpp:108.)
  return torch._C._cuda_getDeviceCount() > 0
Loading checkpoint shards:   0%|          | 0/3 [00:00<?, ?it/s]Loading checkpoint shards:  33%|███▎      | 1/3 [00:05<00:10,  5.09s/it]Loading checkpoint shards:  67%|██████▋   | 2/3 [00:10<00:05,  5.20s/it]Loading checkpoint shards: 100%|██████████| 3/3 [00:13<00:00,  4.47s/it]Loading checkpoint shards: 100%|██████████| 3/3 [00:13<00:00,  4.66s/it]
Traceback (most recent call last):
  File "/home/ysharma/Knowledge-to-SQL/testModel.py", line 48, in <module>
    generated_knowledge = generate_knowledge(prompt, model, tokenizer)
                          ^^^^^^^^^^^^^^^^^^^^^^^^^^^^^^^^^^^^^^^^^^^^
  File "/home/ysharma/Knowledge-to-SQL/testModel.py", line 26, in generate_knowledge
    inputs = tokenizer(prompt, return_tensors="pt").to("cuda")
             ^^^^^^^^^^^^^^^^^^^^^^^^^^^^^^^^^^^^^^^^^^^^^^^^^
  File "/home/ysharma/.conda/envs/dellm/lib/python3.11/site-packages/transformers/tokenization_utils_base.py", line 789, in to
    self.data = {k: v.to(device=device) for k, v in self.data.items()}
                ^^^^^^^^^^^^^^^^^^^^^^^^^^^^^^^^^^^^^^^^^^^^^^^^^^^^^^
  File "/home/ysharma/.conda/envs/dellm/lib/python3.11/site-packages/transformers/tokenization_utils_base.py", line 789, in <dictcomp>
    self.data = {k: v.to(device=device) for k, v in self.data.items()}
                    ^^^^^^^^^^^^^^^^^^^
  File "/home/ysharma/.conda/envs/dellm/lib/python3.11/site-packages/torch/cuda/__init__.py", line 298, in _lazy_init
    torch._C._cuda_init()
RuntimeError: CUDA driver initialization failed, you might not have a CUDA gpu.
